\BOOKMARK [1][-]{section.1}{Introduction}{}% 1
\BOOKMARK [1][-]{section.2}{Keane's Bump Function}{}% 2
\BOOKMARK [1][-]{section.3}{The Continuous Genetic Algorithm \(CGA\)}{}% 3
\BOOKMARK [2][-]{subsection.3.1}{Implementation}{section.3}% 4
\BOOKMARK [3][-]{subsubsection.3.1.1}{Initialisation}{subsection.3.1}% 5
\BOOKMARK [3][-]{subsubsection.3.1.2}{Parent Selection}{subsection.3.1}% 6
\BOOKMARK [3][-]{subsubsection.3.1.3}{Mating Procedure}{subsection.3.1}% 7
\BOOKMARK [3][-]{subsubsection.3.1.4}{Mutation}{subsection.3.1}% 8
\BOOKMARK [3][-]{subsubsection.3.1.5}{Evaluation}{subsection.3.1}% 9
\BOOKMARK [3][-]{subsubsection.3.1.6}{Termination}{subsection.3.1}% 10
\BOOKMARK [2][-]{subsection.3.2}{Tuning the CGA}{section.3}% 11
\BOOKMARK [1][-]{section.4}{Parallel Tempering \(PT\)}{}% 12
\BOOKMARK [2][-]{subsection.4.1}{Implementation}{section.4}% 13
\BOOKMARK [3][-]{subsubsection.4.1.1}{Initialisation}{subsection.4.1}% 14
\BOOKMARK [3][-]{subsubsection.4.1.2}{Temperature Scheduling}{subsection.4.1}% 15
\BOOKMARK [3][-]{subsubsection.4.1.3}{Replica Exchange}{subsection.4.1}% 16
\BOOKMARK [3][-]{subsubsection.4.1.4}{Metropolis Update}{subsection.4.1}% 17
\BOOKMARK [3][-]{subsubsection.4.1.5}{Metropolis-Hastings Acceptance Criterion}{subsection.4.1}% 18
\BOOKMARK [3][-]{subsubsection.4.1.6}{Termination}{subsection.4.1}% 19
\BOOKMARK [2][-]{subsection.4.2}{Tuning the PT}{section.4}% 20
\BOOKMARK [1][-]{section.5}{Comparison}{}% 21
\BOOKMARK [2][-]{subsection.5.1}{Trial Run}{section.5}% 22
\BOOKMARK [2][-]{subsection.5.2}{Final Comparison}{section.5}% 23
\BOOKMARK [2][-]{subsection.5.3}{Limitations of this Study}{section.5}% 24
\BOOKMARK [1][-]{section.6}{Conclusions}{}% 25
\BOOKMARK [1][-]{section.7}{Appendix}{}% 26
\BOOKMARK [2][-]{subsection.7.1}{Supplementary Results regarding CGA Tuning}{section.7}% 27
\BOOKMARK [2][-]{subsection.7.2}{Supplementary Results regarding PT Tuning}{section.7}% 28
\BOOKMARK [1][-]{section.8}{Code}{}% 29
\BOOKMARK [2][-]{subsection.8.1}{algorithms}{section.8}% 30
\BOOKMARK [3][-]{subsubsection.8.1.1}{CGA}{subsection.8.1}% 31
\BOOKMARK [3][-]{subsubsection.8.1.2}{PT}{subsection.8.1}% 32
\BOOKMARK [2][-]{subsection.8.2}{utils}{section.8}% 33
\BOOKMARK [2][-]{subsection.8.3}{functions}{section.8}% 34
\BOOKMARK [2][-]{subsection.8.4}{Experiments}{section.8}% 35
\BOOKMARK [3][-]{subsubsection.8.4.1}{CGA\137TuningExperiments}{subsection.8.4}% 36
\BOOKMARK [3][-]{subsubsection.8.4.2}{PT\137TuningExperiments}{subsection.8.4}% 37
\BOOKMARK [3][-]{subsubsection.8.4.3}{FinalComparison}{subsection.8.4}% 38
