This is pdfTeX, Version 3.14159265-2.6-1.40.20 (TeX Live 2019/Debian) (preloaded format=pdflatex 2023.5.31)  19 DEC 2023 14:03
entering extended mode
 restricted \write18 enabled.
 file:line:error style messages enabled.
 %&-line parsing enabled.
**/home/pr478@ad.eng.cam.ac.uk/repos/4M17-Coursework-2/Report/4M17_CW2_5730E
(/home/pr478@ad.eng.cam.ac.uk/repos/4M17-Coursework-2/Report/4M17_CW2_5730E.tex
LaTeX2e <2020-02-02> patch level 2
L3 programming layer <2020-02-14> (/usr/share/texlive/texmf-dist/tex/latex/base/article.cls
Document Class: article 2019/12/20 v1.4l Standard LaTeX document class
(/usr/share/texlive/texmf-dist/tex/latex/base/size10.clo
File: size10.clo 2019/12/20 v1.4l Standard LaTeX file (size option)
)
\c@part=\count167
\c@section=\count168
\c@subsection=\count169
\c@subsubsection=\count170
\c@paragraph=\count171
\c@subparagraph=\count172
\c@figure=\count173
\c@table=\count174
\abovecaptionskip=\skip47
\belowcaptionskip=\skip48
\bibindent=\dimen134
) (/usr/share/texlive/texmf-dist/tex/latex/titling/titling.sty
Package: titling 2009/09/04 v2.1d maketitle typesetting
\thanksmarkwidth=\skip49
\thanksmargin=\skip50
\droptitle=\skip51
) (/usr/share/texlive/texmf-dist/tex/latex/base/inputenc.sty
Package: inputenc 2018/08/11 v1.3c Input encoding file
\inpenc@prehook=\toks14
\inpenc@posthook=\toks15
) (/usr/share/texlive/texmf-dist/tex/latex/eso-pic/eso-pic.sty
Package: eso-pic 2018/04/12 v2.0h eso-pic (RN)
 (/usr/share/texlive/texmf-dist/tex/generic/atbegshi/atbegshi.sty
Package: atbegshi 2019/12/05 v1.19 At begin shipout hook (HO)
 (/usr/share/texlive/texmf-dist/tex/generic/infwarerr/infwarerr.sty
Package: infwarerr 2019/12/03 v1.5 Providing info/warning/error messages (HO)
) (/usr/share/texlive/texmf-dist/tex/generic/ltxcmds/ltxcmds.sty
Package: ltxcmds 2019/12/15 v1.24 LaTeX kernel commands for general use (HO)
) (/usr/share/texlive/texmf-dist/tex/generic/iftex/iftex.sty
Package: iftex 2019/11/07 v1.0c TeX engine tests
)) (/usr/share/texlive/texmf-dist/tex/latex/graphics/keyval.sty
Package: keyval 2014/10/28 v1.15 key=value parser (DPC)
\KV@toks@=\toks16
) (/usr/share/texlive/texmf-dist/tex/latex/xcolor/xcolor.sty
Package: xcolor 2016/05/11 v2.12 LaTeX color extensions (UK)
 (/usr/share/texlive/texmf-dist/tex/latex/graphics-cfg/color.cfg
File: color.cfg 2016/01/02 v1.6 sample color configuration
)
Package xcolor Info: Driver file: pdftex.def on input line 225.
 (/usr/share/texlive/texmf-dist/tex/latex/graphics-def/pdftex.def
File: pdftex.def 2018/01/08 v1.0l Graphics/color driver for pdftex
)
Package xcolor Info: Model `cmy' substituted by `cmy0' on input line 1348.
Package xcolor Info: Model `hsb' substituted by `rgb' on input line 1352.
Package xcolor Info: Model `RGB' extended on input line 1364.
Package xcolor Info: Model `HTML' substituted by `rgb' on input line 1366.
Package xcolor Info: Model `Hsb' substituted by `hsb' on input line 1367.
Package xcolor Info: Model `tHsb' substituted by `hsb' on input line 1368.
Package xcolor Info: Model `HSB' substituted by `hsb' on input line 1369.
Package xcolor Info: Model `Gray' substituted by `gray' on input line 1370.
Package xcolor Info: Model `wave' substituted by `hsb' on input line 1371.
)) (/usr/share/texlive/texmf-dist/tex/latex/psnfss/charter.sty
Package: charter 2005/04/12 PSNFSS-v9.2a (P.Dyballa) 
) (/usr/share/texlive/texmf-dist/tex/latex/geometry/geometry.sty
Package: geometry 2020/01/02 v5.9 Page Geometry
 (/usr/share/texlive/texmf-dist/tex/generic/iftex/ifvtex.sty
Package: ifvtex 2019/10/25 v1.7 ifvtex legacy package. Use iftex instead.
)
\Gm@cnth=\count175
\Gm@cntv=\count176
\c@Gm@tempcnt=\count177
\Gm@bindingoffset=\dimen135
\Gm@wd@mp=\dimen136
\Gm@odd@mp=\dimen137
\Gm@even@mp=\dimen138
\Gm@layoutwidth=\dimen139
\Gm@layoutheight=\dimen140
\Gm@layouthoffset=\dimen141
\Gm@layoutvoffset=\dimen142
\Gm@dimlist=\toks17
) (/usr/share/texlive/texmf-dist/tex/latex/amsfonts/amssymb.sty
Package: amssymb 2013/01/14 v3.01 AMS font symbols
 (/usr/share/texlive/texmf-dist/tex/latex/amsfonts/amsfonts.sty
Package: amsfonts 2013/01/14 v3.01 Basic AMSFonts support
\@emptytoks=\toks18
\symAMSa=\mathgroup4
\symAMSb=\mathgroup5
LaTeX Font Info:    Redeclaring math symbol \hbar on input line 98.
LaTeX Font Info:    Overwriting math alphabet `\mathfrak' in version `bold'
(Font)                  U/euf/m/n --> U/euf/b/n on input line 106.
)) (/usr/share/texlive/texmf-dist/tex/latex/pdfpages/pdfpages.sty
Package: pdfpages 2020/01/28 v0.5q Insert pages of external PDF documents (AM)
 (/usr/share/texlive/texmf-dist/tex/latex/base/ifthen.sty
Package: ifthen 2014/09/29 v1.1c Standard LaTeX ifthen package (DPC)
) (/usr/share/texlive/texmf-dist/tex/latex/tools/calc.sty
Package: calc 2017/05/25 v4.3 Infix arithmetic (KKT,FJ)
\calc@Acount=\count178
\calc@Bcount=\count179
\calc@Adimen=\dimen143
\calc@Bdimen=\dimen144
\calc@Askip=\skip52
\calc@Bskip=\skip53
LaTeX Info: Redefining \setlength on input line 80.
LaTeX Info: Redefining \addtolength on input line 81.
\calc@Ccount=\count180
\calc@Cskip=\skip54
) (/usr/share/texlive/texmf-dist/tex/latex/graphics/graphicx.sty
Package: graphicx 2019/11/30 v1.2a Enhanced LaTeX Graphics (DPC,SPQR)
 (/usr/share/texlive/texmf-dist/tex/latex/graphics/graphics.sty
Package: graphics 2019/11/30 v1.4a Standard LaTeX Graphics (DPC,SPQR)
 (/usr/share/texlive/texmf-dist/tex/latex/graphics/trig.sty
Package: trig 2016/01/03 v1.10 sin cos tan (DPC)
) (/usr/share/texlive/texmf-dist/tex/latex/graphics-cfg/graphics.cfg
File: graphics.cfg 2016/06/04 v1.11 sample graphics configuration
)
Package graphics Info: Driver file: pdftex.def on input line 105.
)
\Gin@req@height=\dimen145
\Gin@req@width=\dimen146
)
\AM@pagewidth=\dimen147
\AM@pageheight=\dimen148
 (/usr/share/texlive/texmf-dist/tex/latex/pdfpages/pppdftex.def
File: pppdftex.def 2020/01/28 v0.5q Pdfpages driver for pdfTeX (AM)
)
\AM@pagebox=\box45
\AM@global@opts=\toks19
\AM@pagecnt=\count181
\AM@toc@title=\toks20
\c@AM@survey=\count182
\AM@templatesizebox=\box46
) (/usr/share/texlive/texmf-dist/tex/latex/fancyhdr/fancyhdr.sty
Package: fancyhdr 2019/01/31 v3.10 Extensive control of page headers and footers
\f@nch@headwidth=\skip55
\f@nch@O@elh=\skip56
\f@nch@O@erh=\skip57
\f@nch@O@olh=\skip58
\f@nch@O@orh=\skip59
\f@nch@O@elf=\skip60
\f@nch@O@erf=\skip61
\f@nch@O@olf=\skip62
\f@nch@O@orf=\skip63
) (/usr/share/texlive/texmf-dist/tex/latex/caption/subcaption.sty
Package: subcaption 2020/01/22 v1.3d Sub-captions (AR)
 (/usr/share/texlive/texmf-dist/tex/latex/caption/caption.sty
Package: caption 2020/01/03 v3.4h Customizing captions (AR)
 (/usr/share/texlive/texmf-dist/tex/latex/caption/caption3.sty
Package: caption3 2020/01/03 v1.8h caption3 kernel (AR)
Package caption3 Info: TeX engine: e-TeX on input line 61.
\captionmargin=\dimen149
\captionmargin@=\dimen150
\captionwidth=\dimen151
\caption@tempdima=\dimen152
\caption@indent=\dimen153
\caption@parindent=\dimen154
\caption@hangindent=\dimen155
Package caption Info: Standard document class detected.
)
\c@caption@flags=\count183
\c@continuedfloat=\count184
)
\c@subfigure=\count185
\c@subtable=\count186
) (/usr/share/texlive/texmf-dist/tex/latex/hyperref/hyperref.sty
Package: hyperref 2020/01/14 v7.00d Hypertext links for LaTeX
 (/usr/share/texlive/texmf-dist/tex/latex/pdftexcmds/pdftexcmds.sty
Package: pdftexcmds 2019/11/24 v0.31 Utility functions of pdfTeX for LuaTeX (HO)
Package pdftexcmds Info: \pdf@primitive is available.
Package pdftexcmds Info: \pdf@ifprimitive is available.
Package pdftexcmds Info: \pdfdraftmode found.
) (/usr/share/texlive/texmf-dist/tex/generic/kvsetkeys/kvsetkeys.sty
Package: kvsetkeys 2019/12/15 v1.18 Key value parser (HO)
) (/usr/share/texlive/texmf-dist/tex/generic/kvdefinekeys/kvdefinekeys.sty
Package: kvdefinekeys 2019-12-19 v1.6 Define keys (HO)
) (/usr/share/texlive/texmf-dist/tex/generic/pdfescape/pdfescape.sty
Package: pdfescape 2019/12/09 v1.15 Implements pdfTeX's escape features (HO)
) (/usr/share/texlive/texmf-dist/tex/latex/hycolor/hycolor.sty
Package: hycolor 2020-01-27 v1.10 Color options for hyperref/bookmark (HO)
) (/usr/share/texlive/texmf-dist/tex/latex/letltxmacro/letltxmacro.sty
Package: letltxmacro 2019/12/03 v1.6 Let assignment for LaTeX macros (HO)
) (/usr/share/texlive/texmf-dist/tex/latex/auxhook/auxhook.sty
Package: auxhook 2019-12-17 v1.6 Hooks for auxiliary files (HO)
) (/usr/share/texlive/texmf-dist/tex/latex/kvoptions/kvoptions.sty
Package: kvoptions 2019/11/29 v3.13 Key value format for package options (HO)
)
\@linkdim=\dimen156
\Hy@linkcounter=\count187
\Hy@pagecounter=\count188
 (/usr/share/texlive/texmf-dist/tex/latex/hyperref/pd1enc.def
File: pd1enc.def 2020/01/14 v7.00d Hyperref: PDFDocEncoding definition (HO)
Now handling font encoding PD1 ...
... no UTF-8 mapping file for font encoding PD1
) (/usr/share/texlive/texmf-dist/tex/generic/intcalc/intcalc.sty
Package: intcalc 2019/12/15 v1.3 Expandable calculations with integers (HO)
) (/usr/share/texlive/texmf-dist/tex/generic/etexcmds/etexcmds.sty
Package: etexcmds 2019/12/15 v1.7 Avoid name clashes with e-TeX commands (HO)
)
\Hy@SavedSpaceFactor=\count189
\pdfmajorversion=\count190
Package hyperref Info: Hyper figures OFF on input line 4547.
Package hyperref Info: Link nesting OFF on input line 4552.
Package hyperref Info: Hyper index ON on input line 4555.
Package hyperref Info: Plain pages OFF on input line 4562.
Package hyperref Info: Backreferencing OFF on input line 4567.
Package hyperref Info: Implicit mode ON; LaTeX internals redefined.
Package hyperref Info: Bookmarks ON on input line 4800.
\c@Hy@tempcnt=\count191
 (/usr/share/texlive/texmf-dist/tex/latex/url/url.sty
\Urlmuskip=\muskip16
Package: url 2013/09/16  ver 3.4  Verb mode for urls, etc.
)
LaTeX Info: Redefining \url on input line 5159.
\XeTeXLinkMargin=\dimen157
 (/usr/share/texlive/texmf-dist/tex/generic/bitset/bitset.sty
Package: bitset 2019/12/09 v1.3 Handle bit-vector datatype (HO)
 (/usr/share/texlive/texmf-dist/tex/generic/bigintcalc/bigintcalc.sty
Package: bigintcalc 2019/12/15 v1.5 Expandable calculations on big integers (HO)
))
\Fld@menulength=\count192
\Field@Width=\dimen158
\Fld@charsize=\dimen159
Package hyperref Info: Hyper figures OFF on input line 6430.
Package hyperref Info: Link nesting OFF on input line 6435.
Package hyperref Info: Hyper index ON on input line 6438.
Package hyperref Info: backreferencing OFF on input line 6445.
Package hyperref Info: Link coloring OFF on input line 6450.
Package hyperref Info: Link coloring with OCG OFF on input line 6455.
Package hyperref Info: PDF/A mode OFF on input line 6460.
LaTeX Info: Redefining \ref on input line 6500.
LaTeX Info: Redefining \pageref on input line 6504.
\Hy@abspage=\count193
\c@Item=\count194
\c@Hfootnote=\count195
)
Package hyperref Info: Driver (autodetected): hpdftex.
 (/usr/share/texlive/texmf-dist/tex/latex/hyperref/hpdftex.def
File: hpdftex.def 2020/01/14 v7.00d Hyperref driver for pdfTeX
 (/usr/share/texlive/texmf-dist/tex/latex/atveryend/atveryend.sty
Package: atveryend 2019-12-11 v1.11 Hooks at the very end of document (HO)
Package atveryend Info: \enddocument detected (standard20110627).
)
\Fld@listcount=\count196
\c@bookmark@seq@number=\count197
 (/usr/share/texlive/texmf-dist/tex/latex/rerunfilecheck/rerunfilecheck.sty
Package: rerunfilecheck 2019/12/05 v1.9 Rerun checks for auxiliary files (HO)
 (/usr/share/texlive/texmf-dist/tex/generic/uniquecounter/uniquecounter.sty
Package: uniquecounter 2019/12/15 v1.4 Provide unlimited unique counter (HO)
)
Package uniquecounter Info: New unique counter `rerunfilecheck' on input line 286.
)
\Hy@SectionHShift=\skip64
) (/usr/share/texlive/texmf-dist/tex/latex/float/float.sty
Package: float 2001/11/08 v1.3d Float enhancements (AL)
\c@float@type=\count198
\float@exts=\toks21
\float@box=\box47
\@float@everytoks=\toks22
\@floatcapt=\box48
) (/usr/share/texlive/texmf-dist/tex/latex/outlines/outlines.sty
Package: outlines 2012/1/23 1.1 Ch. Pecheur
) (/usr/share/texlive/texmf-dist/tex/latex/amsmath/amsmath.sty
Package: amsmath 2020/01/20 v2.17e AMS math features
\@mathmargin=\skip65

For additional information on amsmath, use the `?' option.
(/usr/share/texlive/texmf-dist/tex/latex/amsmath/amstext.sty
Package: amstext 2000/06/29 v2.01 AMS text
 (/usr/share/texlive/texmf-dist/tex/latex/amsmath/amsgen.sty
File: amsgen.sty 1999/11/30 v2.0 generic functions
\@emptytoks=\toks23
\ex@=\dimen160
)) (/usr/share/texlive/texmf-dist/tex/latex/amsmath/amsbsy.sty
Package: amsbsy 1999/11/29 v1.2d Bold Symbols
\pmbraise@=\dimen161
) (/usr/share/texlive/texmf-dist/tex/latex/amsmath/amsopn.sty
Package: amsopn 2016/03/08 v2.02 operator names
)
\inf@bad=\count199
LaTeX Info: Redefining \frac on input line 227.
\uproot@=\count266
\leftroot@=\count267
LaTeX Info: Redefining \overline on input line 389.
\classnum@=\count268
\DOTSCASE@=\count269
LaTeX Info: Redefining \ldots on input line 486.
LaTeX Info: Redefining \dots on input line 489.
LaTeX Info: Redefining \cdots on input line 610.
\Mathstrutbox@=\box49
\strutbox@=\box50
\big@size=\dimen162
LaTeX Font Info:    Redeclaring font encoding OML on input line 733.
LaTeX Font Info:    Redeclaring font encoding OMS on input line 734.
\macc@depth=\count270
\c@MaxMatrixCols=\count271
\dotsspace@=\muskip17
\c@parentequation=\count272
\dspbrk@lvl=\count273
\tag@help=\toks24
\row@=\count274
\column@=\count275
\maxfields@=\count276
\andhelp@=\toks25
\eqnshift@=\dimen163
\alignsep@=\dimen164
\tagshift@=\dimen165
\tagwidth@=\dimen166
\totwidth@=\dimen167
\lineht@=\dimen168
\@envbody=\toks26
\multlinegap=\skip66
\multlinetaggap=\skip67
\mathdisplay@stack=\toks27
LaTeX Info: Redefining \[ on input line 2859.
LaTeX Info: Redefining \] on input line 2860.
) (/usr/share/texlive/texmf-dist/tex/latex/was/gensymb.sty
Package: gensymb 2003/07/02 v1.0 (WaS)
) (/usr/share/texlive/texmf-dist/tex/latex/listings/listings.sty
\lst@mode=\count277
\lst@gtempboxa=\box51
\lst@token=\toks28
\lst@length=\count278
\lst@currlwidth=\dimen169
\lst@column=\count279
\lst@pos=\count280
\lst@lostspace=\dimen170
\lst@width=\dimen171
\lst@newlines=\count281
\lst@lineno=\count282
\lst@maxwidth=\dimen172
 (/usr/share/texlive/texmf-dist/tex/latex/listings/lstmisc.sty
File: lstmisc.sty 2019/09/10 1.8c (Carsten Heinz)
\c@lstnumber=\count283
\lst@skipnumbers=\count284
\lst@framebox=\box52
) (/usr/share/texlive/texmf-dist/tex/latex/listings/listings.cfg
File: listings.cfg 2019/09/10 1.8c listings configuration
))
Package: listings 2019/09/10 1.8c (Carsten Heinz)
 (/usr/share/texlive/texmf-dist/tex/latex/parskip/parskip.sty
Package: parskip 2020-01-22 v2.0d non-zero parskip adjustments
 (/usr/share/texlive/texmf-dist/tex/latex/etoolbox/etoolbox.sty
Package: etoolbox 2019/09/21 v2.5h e-TeX tools for LaTeX (JAW)
\etb@tempcnta=\count285
)) (/usr/share/texlive/texmf-dist/tex/latex/tools/multicol.sty
Package: multicol 2019/12/09 v1.8y multicolumn formatting (FMi)
\c@tracingmulticols=\count286
\mult@box=\box53
\multicol@leftmargin=\dimen173
\c@unbalance=\count287
\c@collectmore=\count288
\doublecol@number=\count289
\multicoltolerance=\count290
\multicolpretolerance=\count291
\full@width=\dimen174
\page@free=\dimen175
\premulticols=\dimen176
\postmulticols=\dimen177
\multicolsep=\skip68
\multicolbaselineskip=\skip69
\partial@page=\box54
\last@line=\box55
\maxbalancingoverflow=\dimen178
\mult@rightbox=\box56
\mult@grightbox=\box57
\mult@gfirstbox=\box58
\mult@firstbox=\box59
\@tempa=\box60
\@tempa=\box61
\@tempa=\box62
\@tempa=\box63
\@tempa=\box64
\@tempa=\box65
\@tempa=\box66
\@tempa=\box67
\@tempa=\box68
\@tempa=\box69
\@tempa=\box70
\@tempa=\box71
\@tempa=\box72
\@tempa=\box73
\@tempa=\box74
\@tempa=\box75
\@tempa=\box76
\@tempa=\box77
\@tempa=\box78
\@tempa=\box79
\@tempa=\box80
\@tempa=\box81
\@tempa=\box82
\@tempa=\box83
\@tempa=\box84
\@tempa=\box85
\@tempa=\box86
\@tempa=\box87
\@tempa=\box88
\@tempa=\box89
\@tempa=\box90
\@tempa=\box91
\@tempa=\box92
\@tempa=\box93
\@tempa=\box94
\@tempa=\box95
\@tempa=\box96
\c@minrows=\count292
\c@columnbadness=\count293
\c@finalcolumnbadness=\count294
\last@try=\dimen179
\multicolovershoot=\dimen180
\multicolundershoot=\dimen181
\mult@nat@firstbox=\box97
\colbreak@box=\box98
\mc@col@check@num=\count295
) (/usr/share/texlive/texmf-dist/tex/latex/booktabs/booktabs.sty
Package: booktabs 2020/01/12 v1.61803398 Publication quality tables
\heavyrulewidth=\dimen182
\lightrulewidth=\dimen183
\cmidrulewidth=\dimen184
\belowrulesep=\dimen185
\belowbottomsep=\dimen186
\aboverulesep=\dimen187
\abovetopsep=\dimen188
\cmidrulesep=\dimen189
\cmidrulekern=\dimen190
\defaultaddspace=\dimen191
\@cmidla=\count296
\@cmidlb=\count297
\@aboverulesep=\dimen192
\@belowrulesep=\dimen193
\@thisruleclass=\count298
\@lastruleclass=\count299
\@thisrulewidth=\dimen194
) (/usr/share/texlive/texmf-dist/tex/latex/multirow/multirow.sty
Package: multirow 2019/05/31 v2.5 Span multiple rows of a table
\multirow@colwidth=\skip70
\multirow@cntb=\count300
\multirow@dima=\skip71
\bigstrutjot=\dimen195
) (/usr/share/texlive/texmf-dist/tex/latex/colortbl/colortbl.sty
Package: colortbl 2020/01/04 v1.0e Color table columns (DPC)
 (/usr/share/texlive/texmf-dist/tex/latex/tools/array.sty
Package: array 2019/08/31 v2.4l Tabular extension package (FMi)
\col@sep=\dimen196
\ar@mcellbox=\box99
\extrarowheight=\dimen197
\NC@list=\toks29
\extratabsurround=\skip72
\backup@length=\skip73
\ar@cellbox=\box100
)
\everycr=\toks30
\minrowclearance=\skip74
) (/usr/share/texlive/texmf-dist/tex/latex/l3backend/l3backend-pdfmode.def
File: l3backend-pdfmode.def 2020-02-03 L3 backend support: PDF mode
\l__kernel_color_stack_int=\count301
\l__pdf_internal_box=\box101
) (./4M17_CW2_5730E.aux

LaTeX Warning: Label `sec:CGA' multiply defined.


LaTeX Warning: Label `sec:PT' multiply defined.

)
\openout1 = `4M17_CW2_5730E.aux'.

LaTeX Font Info:    Checking defaults for OML/cmm/m/it on input line 49.
LaTeX Font Info:    ... okay on input line 49.
LaTeX Font Info:    Checking defaults for OMS/cmsy/m/n on input line 49.
LaTeX Font Info:    ... okay on input line 49.
LaTeX Font Info:    Checking defaults for OT1/cmr/m/n on input line 49.
LaTeX Font Info:    ... okay on input line 49.
LaTeX Font Info:    Checking defaults for T1/cmr/m/n on input line 49.
LaTeX Font Info:    ... okay on input line 49.
LaTeX Font Info:    Checking defaults for TS1/cmr/m/n on input line 49.
LaTeX Font Info:    ... okay on input line 49.
LaTeX Font Info:    Checking defaults for OMX/cmex/m/n on input line 49.
LaTeX Font Info:    ... okay on input line 49.
LaTeX Font Info:    Checking defaults for U/cmr/m/n on input line 49.
LaTeX Font Info:    ... okay on input line 49.
LaTeX Font Info:    Checking defaults for PD1/pdf/m/n on input line 49.
LaTeX Font Info:    ... okay on input line 49.
LaTeX Font Info:    Trying to load font information for OT1+bch on input line 49.
 (/usr/share/texlive/texmf-dist/tex/latex/psnfss/ot1bch.fd
File: ot1bch.fd 2004/10/18 font definitions for OT1/bch.
)
\AtBeginShipoutBox=\box102
 (/usr/share/texlive/texmf-dist/tex/context/base/mkii/supp-pdf.mkii
[Loading MPS to PDF converter (version 2006.09.02).]
\scratchcounter=\count302
\scratchdimen=\dimen198
\scratchbox=\box103
\nofMPsegments=\count303
\nofMParguments=\count304
\everyMPshowfont=\toks31
\MPscratchCnt=\count305
\MPscratchDim=\dimen199
\MPnumerator=\count306
\makeMPintoPDFobject=\count307
\everyMPtoPDFconversion=\toks32
) (/usr/share/texlive/texmf-dist/tex/latex/epstopdf-pkg/epstopdf-base.sty
Package: epstopdf-base 2020-01-24 v2.11 Base part for package epstopdf
Package epstopdf-base Info: Redefining graphics rule for `.eps' on input line 485.
 (/usr/share/texlive/texmf-dist/tex/latex/latexconfig/epstopdf-sys.cfg
File: epstopdf-sys.cfg 2010/07/13 v1.3 Configuration of (r)epstopdf for TeX Live
))
*geometry* driver: auto-detecting
*geometry* detected driver: pdftex
*geometry* verbose mode - [ preamble ] result:
* driver: pdftex
* paper: <default>
* layout: <same size as paper>
* layoutoffset:(h,v)=(0.0pt,0.0pt)
* modes: 
* h-part:(L,W,R)=(65.04256pt, 484.20988pt, 65.04256pt)
* v-part:(T,H,B)=(65.04256pt, 664.88487pt, 65.04256pt)
* \paperwidth=614.295pt
* \paperheight=794.96999pt
* \textwidth=484.20988pt
* \textheight=664.88487pt
* \oddsidemargin=-7.22743pt
* \evensidemargin=-7.22743pt
* \topmargin=-44.22743pt
* \headheight=12.0pt
* \headsep=25.0pt
* \topskip=10.0pt
* \footskip=30.0pt
* \marginparwidth=65.0pt
* \marginparsep=11.0pt
* \columnsep=10.0pt
* \skip\footins=9.0pt plus 4.0pt minus 2.0pt
* \hoffset=0.0pt
* \voffset=0.0pt
* \mag=1000
* \@twocolumnfalse
* \@twosidefalse
* \@mparswitchfalse
* \@reversemarginfalse
* (1in=72.27pt=25.4mm, 1cm=28.453pt)

(/usr/share/texlive/texmf-dist/tex/latex/pdflscape/pdflscape.sty
Package: pdflscape 2019/12/05 v0.12 Display of landscape pages in PDF (HO)
 (/usr/share/texlive/texmf-dist/tex/latex/graphics/lscape.sty
Package: lscape 2000/10/22 v3.01 Landscape Pages (DPC)
)
Package pdflscape Info: Auto-detected driver: pdftex on input line 81.
)
Package caption Info: Begin \AtBeginDocument code.
Package caption Info: float package is loaded.
Package caption Info: hyperref package is loaded.
Package caption Info: listings package is loaded.
Package caption Info: End \AtBeginDocument code.
Package hyperref Info: Link coloring OFF on input line 49.
 (/usr/share/texlive/texmf-dist/tex/latex/hyperref/nameref.sty
Package: nameref 2019/09/16 v2.46 Cross-referencing by name of section
 (/usr/share/texlive/texmf-dist/tex/latex/refcount/refcount.sty
Package: refcount 2019/12/15 v3.6 Data extraction from label references (HO)
) (/usr/share/texlive/texmf-dist/tex/generic/gettitlestring/gettitlestring.sty
Package: gettitlestring 2019/12/15 v1.6 Cleanup title references (HO)
)
\c@section@level=\count308
)
LaTeX Info: Redefining \ref on input line 49.
LaTeX Info: Redefining \pageref on input line 49.
LaTeX Info: Redefining \nameref on input line 49.
 (./4M17_CW2_5730E.out) (./4M17_CW2_5730E.out)
\@outlinefile=\write3
\openout3 = `4M17_CW2_5730E.out'.

LaTeX Info: Redefining \celsius on input line 49.
Package gensymb Info: Faking symbols for \degree and \celsius on input line 49.


Package gensymb Warning: Not defining \perthousand.

LaTeX Info: Redefining \ohm on input line 49.
Package gensymb Info: Using \Omega for \ohm on input line 49.

Package gensymb Warning: Not defining \micro.

\c@lstlisting=\count309


pdfTeX warning: pdflatex (file ./Coursework Coversheet.pdf): PDF inclusion: found PDF version <1.7>, but at most version <1.5> allowed
<Coursework Coversheet.pdf, id=156, 597.55246pt x 845.07724pt>
File: Coursework Coversheet.pdf Graphic file (type pdf)
<use Coursework Coversheet.pdf>
Package pdftex.def Info: Coursework Coversheet.pdf  used on input line 50.
(pdftex.def)             Requested size: 597.551pt x 845.07518pt.


pdfTeX warning: pdflatex (file ./Coursework Coversheet.pdf): PDF inclusion: found PDF version <1.7>, but at most version <1.5> allowed
File: Coursework Coversheet.pdf Graphic file (type pdf)
<use Coursework Coversheet.pdf>
Package pdftex.def Info: Coursework Coversheet.pdf  used on input line 50.
(pdftex.def)             Requested size: 597.551pt x 845.07518pt.


pdfTeX warning: pdflatex (file ./Coursework Coversheet.pdf): PDF inclusion: found PDF version <1.7>, but at most version <1.5> allowed


pdfTeX warning: pdflatex (file ./Coursework Coversheet.pdf): PDF inclusion: found PDF version <1.7>, but at most version <1.5> allowed
<Coursework Coversheet.pdf, id=159, page=1, 597.55246pt x 845.07724pt>
File: Coursework Coversheet.pdf Graphic file (type pdf)
<use Coursework Coversheet.pdf, page 1>
Package pdftex.def Info: Coursework Coversheet.pdf , page1 used on input line 50.
(pdftex.def)             Requested size: 597.551pt x 845.07518pt.
File: Coursework Coversheet.pdf Graphic file (type pdf)
<use Coursework Coversheet.pdf, page 1>
Package pdftex.def Info: Coursework Coversheet.pdf , page1 used on input line 50.
(pdftex.def)             Requested size: 562.1644pt x 795.03036pt.
File: Coursework Coversheet.pdf Graphic file (type pdf)
<use Coursework Coversheet.pdf, page 1>
Package pdftex.def Info: Coursework Coversheet.pdf , page1 used on input line 50.
(pdftex.def)             Requested size: 562.1644pt x 795.03036pt.
File: Coursework Coversheet.pdf Graphic file (type pdf)
<use Coursework Coversheet.pdf, page 1>
Package pdftex.def Info: Coursework Coversheet.pdf , page1 used on input line 50.
(pdftex.def)             Requested size: 562.1644pt x 795.03036pt.
File: Coursework Coversheet.pdf Graphic file (type pdf)
<use Coursework Coversheet.pdf, page 1>
Package pdftex.def Info: Coursework Coversheet.pdf , page1 used on input line 50.
(pdftex.def)             Requested size: 562.1644pt x 795.03036pt.
[1

 <./Coursework Coversheet.pdf>]
LaTeX Font Info:    Trying to load font information for U+msa on input line 53.
 (/usr/share/texlive/texmf-dist/tex/latex/amsfonts/umsa.fd
File: umsa.fd 2013/01/14 v3.01 AMS symbols A
)
LaTeX Font Info:    Trying to load font information for U+msb on input line 53.
 (/usr/share/texlive/texmf-dist/tex/latex/amsfonts/umsb.fd
File: umsb.fd 2013/01/14 v3.01 AMS symbols B
)
<../figures/KBF/KBF_surf.png, id=176, 462.528pt x 346.896pt>
File: ../figures/KBF/KBF_surf.png Graphic file (type png)
<use ../figures/KBF/KBF_surf.png>
Package pdftex.def Info: ../figures/KBF/KBF_surf.png  used on input line 82.
(pdftex.def)             Requested size: 237.2655pt x 177.95207pt.
<../figures/KBF/KBF_contour.png, id=178, 462.528pt x 346.896pt>
File: ../figures/KBF/KBF_contour.png Graphic file (type png)
<use ../figures/KBF/KBF_contour.png>
Package pdftex.def Info: ../figures/KBF/KBF_contour.png  used on input line 88.
(pdftex.def)             Requested size: 222.73979pt x 167.05867pt.
LaTeX Font Info:    Trying to load font information for TS1+bch on input line 98.
 (/usr/share/texlive/texmf-dist/tex/latex/psnfss/ts1bch.fd
File: ts1bch.fd 2004/10/18 font definitions for TS1/bch.
) [2{/var/lib/texmf/fonts/map/pdftex/updmap/pdftex.map} <../figures/KBF/KBF_surf.png> <../figures/KBF/KBF_contour.png>]
<../figures/KBF/KBF Feasible_contour.png, id=202, 462.528pt x 346.896pt>
File: ../figures/KBF/KBF Feasible_contour.png Graphic file (type png)
<use ../figures/KBF/KBF Feasible_contour.png>
Package pdftex.def Info: ../figures/KBF/KBF Feasible_contour.png  used on input line 111.
(pdftex.def)             Requested size: 232.41867pt x 174.31564pt.
<../figures/Permanent Images/Flowchart.png, id=212, 191.71625pt x 296.60812pt>
File: ../figures/Permanent Images/Flowchart.png Graphic file (type png)
<use ../figures/Permanent Images/Flowchart.png>
Package pdftex.def Info: ../figures/Permanent Images/Flowchart.png  used on input line 135.
(pdftex.def)             Requested size: 222.73979pt x 344.62686pt.
 [3 <../figures/KBF/KBF Feasible_contour.png>] [4 <../figures/Permanent Images/Flowchart.png>] [5]
<../figures/Permanent Images/Fitness_Evolution_Crossover.png, id=262, 1011.78pt x 722.7pt>
File: ../figures/Permanent Images/Fitness_Evolution_Crossover.png Graphic file (type png)
<use ../figures/Permanent Images/Fitness_Evolution_Crossover.png>
Package pdftex.def Info: ../figures/Permanent Images/Fitness_Evolution_Crossover.png  used on input line 235.
(pdftex.def)             Requested size: 222.73979pt x 159.09373pt.
<../figures/Permanent Images/Fitness_Evolution_Heuristic Crossover.png, id=263, 1011.78pt x 722.7pt>
File: ../figures/Permanent Images/Fitness_Evolution_Heuristic Crossover.png Graphic file (type png)
<use ../figures/Permanent Images/Fitness_Evolution_Heuristic Crossover.png>
Package pdftex.def Info: ../figures/Permanent Images/Fitness_Evolution_Heuristic Crossover.png  used on input line 240.
(pdftex.def)             Requested size: 222.73979pt x 159.09373pt.
 [6 <../figures/Permanent Images/Fitness_Evolution_Crossover.png> <../figures/Permanent Images/Fitness_Evolution_Heuristic Crossover.png>]
Underfull \hbox (badness 5064) in paragraph at lines 261--262
[]\OT1/bch/m/n/10 Specifically, choices for the mu-ta-tion rate and
 []

<../figures/Permanent Images/AVGContour_Tournament_Heuristic Crossover.png, id=279, 1011.78pt x 722.7pt>
File: ../figures/Permanent Images/AVGContour_Tournament_Heuristic Crossover.png Graphic file (type png)
<use ../figures/Permanent Images/AVGContour_Tournament_Heuristic Crossover.png>
Package pdftex.def Info: ../figures/Permanent Images/AVGContour_Tournament_Heuristic Crossover.png  used on input line 272.
(pdftex.def)             Requested size: 232.41867pt x 166.00798pt.
<../figures/Permanent Images/MINContour_Tournament_Heuristic Crossover.png, id=280, 1011.78pt x 722.7pt>
File: ../figures/Permanent Images/MINContour_Tournament_Heuristic Crossover.png Graphic file (type png)
<use ../figures/Permanent Images/MINContour_Tournament_Heuristic Crossover.png>
Package pdftex.def Info: ../figures/Permanent Images/MINContour_Tournament_Heuristic Crossover.png  used on input line 277.
(pdftex.def)             Requested size: 232.41867pt x 166.00798pt.
[7 <../figures/Permanent Images/AVGContour_Tournament_Heuristic Crossover.png> <../figures/Permanent Images/MINContour_Tournament_Heuristic Crossover.png>]
<../figures/Permanent Images/0.1_0.65_Fitness.png, id=292, 462.528pt x 346.896pt>
File: ../figures/Permanent Images/0.1_0.65_Fitness.png Graphic file (type png)
<use ../figures/Permanent Images/0.1_0.65_Fitness.png>
Package pdftex.def Info: ../figures/Permanent Images/0.1_0.65_Fitness.png  used on input line 308.
(pdftex.def)             Requested size: 217.89296pt x 163.42224pt.
<../figures/Permanent Images/0.1_0.65_Population.png, id=293, 1445.4pt x 361.35pt>
File: ../figures/Permanent Images/0.1_0.65_Population.png Graphic file (type png)
<use ../figures/Permanent Images/0.1_0.65_Population.png>
Package pdftex.def Info: ../figures/Permanent Images/0.1_0.65_Population.png  used on input line 318.
(pdftex.def)             Requested size: 411.58134pt x 102.89207pt.
<../figures/Permanent Images/0.1_0.65_Population100.png, id=294, 1445.4pt x 361.35pt>
File: ../figures/Permanent Images/0.1_0.65_Population100.png Graphic file (type png)
<use ../figures/Permanent Images/0.1_0.65_Population100.png>
Package pdftex.def Info: ../figures/Permanent Images/0.1_0.65_Population100.png  used on input line 324.
(pdftex.def)             Requested size: 411.58134pt x 102.89207pt.
 [8 <../figures/Permanent Images/0.1_0.65_Fitness.png> <../figures/Permanent Images/0.1_0.65_Population.png> <../figures/Permanent Images/0.1_0.65_Population100.png>] [9]
<../figures/Permanent Images/Power_Progression.png, id=325, 505.89pt x 361.35pt>
File: ../figures/Permanent Images/Power_Progression.png Graphic file (type png)
<use ../figures/Permanent Images/Power_Progression.png>
Package pdftex.def Info: ../figures/Permanent Images/Power_Progression.png  used on input line 381.
(pdftex.def)             Requested size: 232.41867pt x 166.01349pt.
 [10 <../figures/Permanent Images/Power_Progression.png>]
Overfull \hbox (13.26648pt too wide) detected at line 427
 \OML/cmm/m/it/10 P[] \OT1/cmr/m/n/10 = [] []
 []

<../figures/Permanent Images/PT_Avg_Fitness_Evolution.png, id=354, 722.7pt x 578.16pt>
File: ../figures/Permanent Images/PT_Avg_Fitness_Evolution.png Graphic file (type png)
<use ../figures/Permanent Images/PT_Avg_Fitness_Evolution.png>
Package pdftex.def Info: ../figures/Permanent Images/PT_Avg_Fitness_Evolution.png  used on input line 447.
(pdftex.def)             Requested size: 232.41867pt x 185.93246pt.
<../figures/Permanent Images/PT_Avg_Fitness_Evolution_stoch.png, id=355, 722.7pt x 578.16pt>
File: ../figures/Permanent Images/PT_Avg_Fitness_Evolution_stoch.png Graphic file (type png)
<use ../figures/Permanent Images/PT_Avg_Fitness_Evolution_stoch.png>
Package pdftex.def Info: ../figures/Permanent Images/PT_Avg_Fitness_Evolution_stoch.png  used on input line 453.
(pdftex.def)             Requested size: 232.41867pt x 185.93246pt.
[11 <../figures/Permanent Images/PT_Avg_Fitness_Evolution.png> <../figures/Permanent Images/PT_Avg_Fitness_Evolution_Stoch.png>]
<../figures/Permanent Images/0.01_1_Periodic_Fitness.png, id=376, 462.528pt x 346.896pt>
File: ../figures/Permanent Images/0.01_1_Periodic_Fitness.png Graphic file (type png)
<use ../figures/Permanent Images/0.01_1_Periodic_Fitness.png>
Package pdftex.def Info: ../figures/Permanent Images/0.01_1_Periodic_Fitness.png  used on input line 490.
(pdftex.def)             Requested size: 232.41867pt x 174.31564pt.
 [12 <../figures/Permanent Images/0.01_1_Periodic_Fitness.png>]
<../figures/Permanent Images/PT_Avg_Fitness_Heatmap_Periodic.png, id=388, 1011.78pt x 722.7pt>
File: ../figures/Permanent Images/PT_Avg_Fitness_Heatmap_Periodic.png Graphic file (type png)
<use ../figures/Permanent Images/PT_Avg_Fitness_Heatmap_Periodic.png>
Package pdftex.def Info: ../figures/Permanent Images/PT_Avg_Fitness_Heatmap_Periodic.png  used on input line 512.
(pdftex.def)             Requested size: 232.41867pt x 166.00798pt.
<../figures/Permanent Images/PT_Min_Fitness_Heatmap_Periodic.png, id=389, 1011.78pt x 722.7pt>
File: ../figures/Permanent Images/PT_Min_Fitness_Heatmap_Periodic.png Graphic file (type png)
<use ../figures/Permanent Images/PT_Min_Fitness_Heatmap_Periodic.png>
Package pdftex.def Info: ../figures/Permanent Images/PT_Min_Fitness_Heatmap_Periodic.png  used on input line 518.
(pdftex.def)             Requested size: 232.41867pt x 166.00798pt.
<../figures/Permanent Images/PT_Avg_Fitness_Heatmap_Stochastic.png, id=390, 1011.78pt x 722.7pt>
File: ../figures/Permanent Images/PT_Avg_Fitness_Heatmap_Stochastic.png Graphic file (type png)
<use ../figures/Permanent Images/PT_Avg_Fitness_Heatmap_Stochastic.png>
Package pdftex.def Info: ../figures/Permanent Images/PT_Avg_Fitness_Heatmap_Stochastic.png  used on input line 531.
(pdftex.def)             Requested size: 232.41867pt x 166.00798pt.
<../figures/Permanent Images/PT_Min_Fitness_Heatmap_Stochastic.png, id=391, 1011.78pt x 722.7pt>
File: ../figures/Permanent Images/PT_Min_Fitness_Heatmap_Stochastic.png Graphic file (type png)
<use ../figures/Permanent Images/PT_Min_Fitness_Heatmap_Stochastic.png>
Package pdftex.def Info: ../figures/Permanent Images/PT_Min_Fitness_Heatmap_Stochastic.png  used on input line 537.
(pdftex.def)             Requested size: 232.41867pt x 166.00798pt.
<../figures/Permanent Images/PT_Optimal_Tuning.png, id=392, 1589.94pt x 722.7pt>
File: ../figures/Permanent Images/PT_Optimal_Tuning.png Graphic file (type png)
<use ../figures/Permanent Images/PT_Optimal_Tuning.png>
Package pdftex.def Info: ../figures/Permanent Images/PT_Optimal_Tuning.png  used on input line 549.
(pdftex.def)             Requested size: 484.20988pt x 220.09785pt.
 [13 <../figures/Permanent Images/PT_Avg_Fitness_Heatmap_Periodic.png> <../figures/Permanent Images/PT_Min_Fitness_Heatmap_Periodic.png> <../figures/Permanent Images/PT_Avg_Fitness_Heatmap_Stochastic.png> <../figures/Permanent Images/PT_Min_Fitness_Heatmap_Stochastic.png>] [14 <../figures/Permanent Images/PT_Optimal_Tuning.png>]
<../figures/Final Comparison/CGA vs PT Average Fitness TRIAL.png, id=418, 462.528pt x 346.896pt>
File: ../figures/Final Comparison/CGA vs PT Average Fitness TRIAL.png Graphic file (type png)
<use ../figures/Final Comparison/CGA vs PT Average Fitness TRIAL.png>
Package pdftex.def Info: ../figures/Final Comparison/CGA vs PT Average Fitness TRIAL.png  used on input line 609.
(pdftex.def)             Requested size: 232.41867pt x 174.31564pt.
<../figures/Final Comparison/CGA vs PT Minimum Fitness TRIAL.png, id=419, 462.528pt x 346.896pt>
File: ../figures/Final Comparison/CGA vs PT Minimum Fitness TRIAL.png Graphic file (type png)
<use ../figures/Final Comparison/CGA vs PT Minimum Fitness TRIAL.png>
Package pdftex.def Info: ../figures/Final Comparison/CGA vs PT Minimum Fitness TRIAL.png  used on input line 614.
(pdftex.def)             Requested size: 232.41867pt x 174.31564pt.
 [15]
Overfull \hbox (5.6448pt too wide) in paragraph at lines 631--650
 [] 
 []

<../figures/Final Comparison/CGA vs PT Average Fitness.png, id=426, 462.528pt x 346.896pt>
File: ../figures/Final Comparison/CGA vs PT Average Fitness.png Graphic file (type png)
<use ../figures/Final Comparison/CGA vs PT Average Fitness.png>
Package pdftex.def Info: ../figures/Final Comparison/CGA vs PT Average Fitness.png  used on input line 657.
(pdftex.def)             Requested size: 232.41867pt x 174.31564pt.
<../figures/Final Comparison/CGA vs PT Minimum Fitness.png, id=427, 462.528pt x 346.896pt>
File: ../figures/Final Comparison/CGA vs PT Minimum Fitness.png Graphic file (type png)
<use ../figures/Final Comparison/CGA vs PT Minimum Fitness.png>
Package pdftex.def Info: ../figures/Final Comparison/CGA vs PT Minimum Fitness.png  used on input line 662.
(pdftex.def)             Requested size: 232.41867pt x 174.31564pt.
[16 <../figures/Final Comparison/CGA vs PT Average Fitness TRIAL.png> <../figures/Final Comparison/CGA vs PT Minimum Fitness TRIAL.png> <../figures/Final Comparison/CGA vs PT Average Fitness.png> <../figures/Final Comparison/CGA vs PT Minimum Fitness.png>]
Underfull \hbox (badness 10000) in paragraph at lines 686--687
[]\OT1/bch/b/n/10 Limited Ex-plo-ration of Hy-per-pa-ram-e-ter
 []

[17] [18] (./4M17_CW2_5730E.bbl) [19]
<../figures/KBF/10_iters/Proportional/Crossover/0.05_0.7_Population.png, id=454, 1445.4pt x 361.35pt>
File: ../figures/KBF/10_iters/Proportional/Crossover/0.05_0.7_Population.png Graphic file (type png)
<use ../figures/KBF/10_iters/Proportional/Crossover/0.05_0.7_Population.png>
Package pdftex.def Info: ../figures/KBF/10_iters/Proportional/Crossover/0.05_0.7_Population.png  used on input line 749.
(pdftex.def)             Requested size: 411.58134pt x 102.89207pt.
<../figures/KBF/10_iters/Proportional/Heuristic Crossover/0.05_0.7_Population.png, id=455, 1445.4pt x 361.35pt>
File: ../figures/KBF/10_iters/Proportional/Heuristic Crossover/0.05_0.7_Population.png Graphic file (type png)
<use ../figures/KBF/10_iters/Proportional/Heuristic Crossover/0.05_0.7_Population.png>
Package pdftex.def Info: ../figures/KBF/10_iters/Proportional/Heuristic Crossover/0.05_0.7_Population.png  used on input line 755.
(pdftex.def)             Requested size: 411.58134pt x 102.89207pt.
<../figures/KBF/10_iters/SRS/Crossover/0.05_0.7_Population.png, id=458, 1445.4pt x 361.35pt>
File: ../figures/KBF/10_iters/SRS/Crossover/0.05_0.7_Population.png Graphic file (type png)
<use ../figures/KBF/10_iters/SRS/Crossover/0.05_0.7_Population.png>
Package pdftex.def Info: ../figures/KBF/10_iters/SRS/Crossover/0.05_0.7_Population.png  used on input line 787.
(pdftex.def)             Requested size: 411.58134pt x 102.89207pt.
<../figures/KBF/10_iters/SRS/Heuristic Crossover/0.05_0.7_Population.png, id=459, 1445.4pt x 361.35pt>
File: ../figures/KBF/10_iters/SRS/Heuristic Crossover/0.05_0.7_Population.png Graphic file (type png)
<use ../figures/KBF/10_iters/SRS/Heuristic Crossover/0.05_0.7_Population.png>
Package pdftex.def Info: ../figures/KBF/10_iters/SRS/Heuristic Crossover/0.05_0.7_Population.png  used on input line 793.
(pdftex.def)             Requested size: 411.58134pt x 102.89207pt.
 [20 <../figures/KBF/10_iters/Proportional/Crossover/0.05_0.7_Population.png> <../figures/KBF/10_iters/Proportional/Heuristic Crossover/0.05_0.7_Population.png>]
<../figures/KBF/100_iters/Periodic/Power/0.1_1_Solutions.png, id=469, 1445.4pt x 361.35pt>
File: ../figures/KBF/100_iters/Periodic/Power/0.1_1_Solutions.png Graphic file (type png)
<use ../figures/KBF/100_iters/Periodic/Power/0.1_1_Solutions.png>
Package pdftex.def Info: ../figures/KBF/100_iters/Periodic/Power/0.1_1_Solutions.png  used on input line 845.
(pdftex.def)             Requested size: 411.58134pt x 102.89207pt.
 [21 <../figures/KBF/10_iters/SRS/Crossover/0.05_0.7_Population.png> <../figures/KBF/10_iters/SRS/Heuristic Crossover/0.05_0.7_Population.png>]
<../figures/KBF/100_iters/Stochastic/Power/0.1_1_Solutions.png, id=477, 1445.4pt x 361.35pt>
File: ../figures/KBF/100_iters/Stochastic/Power/0.1_1_Solutions.png Graphic file (type png)
<use ../figures/KBF/100_iters/Stochastic/Power/0.1_1_Solutions.png>
Package pdftex.def Info: ../figures/KBF/100_iters/Stochastic/Power/0.1_1_Solutions.png  used on input line 853.
(pdftex.def)             Requested size: 411.58134pt x 102.89207pt.
 (/usr/share/texlive/texmf-dist/tex/latex/listings/lstlang1.sty
File: lstlang1.sty 2019/09/10 1.8c listings language file
) [22 <../figures/KBF/100_iters/Periodic/Power/0.1_1_Solutions.png> <../figures/KBF/100_iters/Stochastic/Power/0.1_1_Solutions.png>]
Package hyperref Info: bookmark level for unknown lstlisting defaults to 0 on input line 899.
 [23] [24] [25] [26] [27] [28] [29] [30] [31] [32] [33] [34] [35] [36]
LaTeX Font Info:    Trying to load font information for TS1+cmtt on input line 1809.
 (/usr/share/texlive/texmf-dist/tex/latex/base/ts1cmtt.fd
File: ts1cmtt.fd 2019/12/16 v2.5j Standard LaTeX font definitions
) [37] [38] [39] [40] [41] [42] [43] [44] [45] [46] [47] [48] [49] [50] [51] [52]
Package atveryend Info: Empty hook `BeforeClearDocument' on input line 2863.
 [53]
Package atveryend Info: Empty hook `AfterLastShipout' on input line 2863.
 (./4M17_CW2_5730E.aux)
Package atveryend Info: Executing hook `AtVeryEndDocument' on input line 2863.
Package atveryend Info: Executing hook `AtEndAfterFileList' on input line 2863.
Package rerunfilecheck Info: File `4M17_CW2_5730E.out' has not changed.
(rerunfilecheck)             Checksum: 854911024A595F264E610D86AC71D24B;2565.


LaTeX Warning: There were multiply-defined labels.

Package atveryend Info: Empty hook `AtVeryVeryEnd' on input line 2863.
 ) 
Here is how much of TeX's memory you used:
 14796 strings out of 481239
 225441 string characters out of 5920377
 1020561 words of memory out of 5000000
 27692 multiletter control sequences out of 15000+600000
 562396 words of font info for 82 fonts, out of 8000000 for 9000
 1141 hyphenation exceptions out of 8191
 48i,18n,46p,1023b,2047s stack positions out of 5000i,500n,10000p,200000b,80000s
pdfTeX warning (dest): name{PT_TuningExperiments.py} has been referenced but does not exist, replaced by a fixed one

pdfTeX warning (dest): name{CGA_TuningExperiments.py} has been referenced but does not exist, replaced by a fixed one

pdfTeX warning (dest): name{FinalComparison.py} has been referenced but does not exist, replaced by a fixed one

pdfTeX warning (dest): name{functions.py} has been referenced but does not exist, replaced by a fixed one

pdfTeX warning (dest): name{plotting_functionspy} has been referenced but does not exist, replaced by a fixed one

pdfTeX warning (dest): name{helper_functionspy} has been referenced but does not exist, replaced by a fixed one

pdfTeX warning (dest): name{sec:utils} has been referenced but does not exist, replaced by a fixed one

pdfTeX warning (dest): name{temp_prog_functionspy} has been referenced but does not exist, replaced by a fixed one

pdfTeX warning (dest): name{replica_exchange_functionspy} has been referenced but does not exist, replaced by a fixed one

pdfTeX warning (dest): name{PTpy} has been referenced but does not exist, replaced by a fixed one

pdfTeX warning (dest): name{sec:PT} has been referenced but does not exist, replaced by a fixed one

pdfTeX warning (dest): name{selection_functionspy} has been referenced but does not exist, replaced by a fixed one

pdfTeX warning (dest): name{mating_functionspy} has been referenced but does not exist, replaced by a fixed one

pdfTeX warning (dest): name{CGApy} has been referenced but does not exist, replaced by a fixed one

pdfTeX warning (dest): name{sec:CGA} has been referenced but does not exist, replaced by a fixed one

pdfTeX warning (dest): name{sec:algorithms} has been referenced but does not exist, replaced by a fixed one

{/usr/share/texmf/fonts/enc/dvips/cm-super/cm-super-ts1.enc}{/usr/share/texlive/texmf-dist/fonts/enc/dvips/base/8r.enc}</usr/share/texlive/texmf-dist/fonts/type1/bitstrea/charter/bchb8a.pfb></usr/share/texlive/texmf-dist/fonts/type1/bitstrea/charter/bchr8a.pfb></usr/share/texlive/texmf-dist/fonts/type1/bitstrea/charter/bchri8a.pfb></usr/share/texlive/texmf-dist/fonts/type1/public/amsfonts/cm/cmbx10.pfb></usr/share/texlive/texmf-dist/fonts/type1/public/amsfonts/cm/cmex10.pfb></usr/share/texlive/texmf-dist/fonts/type1/public/amsfonts/cm/cmmi10.pfb></usr/share/texlive/texmf-dist/fonts/type1/public/amsfonts/cm/cmmi7.pfb></usr/share/texlive/texmf-dist/fonts/type1/public/amsfonts/cm/cmr10.pfb></usr/share/texlive/texmf-dist/fonts/type1/public/amsfonts/cm/cmr7.pfb></usr/share/texlive/texmf-dist/fonts/type1/public/amsfonts/cm/cmsy10.pfb></usr/share/texlive/texmf-dist/fonts/type1/public/amsfonts/cm/cmtt8.pfb></usr/share/texmf/fonts/type1/public/cm-super/sftt0800.pfb>
Output written on 4M17_CW2_5730E.pdf (53 pages, 3769475 bytes).
PDF statistics:
 3072 PDF objects out of 3580 (max. 8388607)
 2904 compressed objects within 30 object streams
 2085 named destinations out of 2487 (max. 500000)
 475 words of extra memory for PDF output out of 10000 (max. 10000000)

